Bot started
2025-10-05 18:29:23,963 - INFO - safe_client - API call get_symbol_info used weight=1 (attempt=1)
2025-10-05 18:29:23,963 - INFO - __main__ - [INFO] Loaded symbol info for BTCUSDT: LOT_SIZE step=[{'filterType': 'PRICE_FILTER', 'minPrice': '0.01000000', 'maxPrice': '1000000.00000000', 'tickSize': '0.01000000'}, {'filterType': 'LOT_SIZE', 'minQty': '0.00001000', 'maxQty': '9000.00000000', 'stepSize': '0.00001000'}, {'filterType': 'ICEBERG_PARTS', 'limit': 10}, {'filterType': 'MARKET_LOT_SIZE', 'minQty': '0.00000000', 'maxQty': '134.23809950', 'stepSize': '0.00000000'}, {'filterType': 'TRAILING_DELTA', 'minTrailingAboveDelta': 10, 'maxTrailingAboveDelta': 2000, 'minTrailingBelowDelta': 10, 'maxTrailingBelowDelta': 2000}, {'filterType': 'PERCENT_PRICE_BY_SIDE', 'bidMultiplierUp': '5', 'bidMultiplierDown': '0.2', 'askMultiplierUp': '5', 'askMultiplierDown': '0.2', 'avgPriceMins': 5}, {'filterType': 'NOTIONAL', 'minNotional': '5.00000000', 'applyMinToMarket': True, 'maxNotional': '9000000.00000000', 'applyMaxToMarket': False, 'avgPriceMins': 5}, {'filterType': 'MAX_NUM_ORDERS', 'maxNumOrders': 200}, {'filterType': 'MAX_NUM_ALGO_ORDERS', 'maxNumAlgoOrders': 5}]
2025-10-05 18:29:23,963 - INFO - __main__ - Bot started | netmode=true | API_KEY=rs7DTd8IW4Ya2a3yW5jqDkEAvyKv0mQPxlejYeOo2qTp5M5ONOfqCfh6lC3V2jx9 | API_SECRET=ojLWIsjUo87fhIqpLakyz2r1QThn58tgnscPv1ed9JiMeTcRnaiSNIlrrsTdIbim
2025-10-05 18:29:24,144 - INFO - safe_client - API call get_account used weight=5 (attempt=1)
2025-10-05 18:29:24,145 - INFO - __main__ - [BALANCE] USDT=129731.83 | BTC=0.021220
2025-10-05 18:29:24,404 - INFO - safe_client - API call get_klines used weight=1 (attempt=1)
2025-10-05 18:29:24,404 - INFO - src.websocket_bot - [PRELOAD] requested=1000 end_time=None got=1000
2025-10-05 18:29:24,803 - INFO - safe_client - API call get_klines used weight=1 (attempt=1)
2025-10-05 18:29:24,803 - INFO - src.websocket_bot - [PRELOAD] requested=1000 end_time=1759367399999 got=165
2025-10-05 18:29:24,803 - INFO - src.websocket_bot - [PRELOAD] fewer returned than requested (got 165 < 1000), stopping pagination
2025-10-05 18:29:24,879 - INFO - __main__ - [INFO] Seeded history with 1165 candles from REST
2025-10-05 18:29:25,986 - INFO - src.websocket_bot - [WebSocket] Connection opened (attempt 1)
2025-10-05 18:29:59,607 - INFO - __main__ - [CANDLES] 1166 (last close=123133.02)
D:\binance_ats_clone\obaidur-binance-ats-main\.venv\.venv\Lib\site-packages\sklearn\base.py:442: InconsistentVersionWarning: Trying to unpickle estimator StandardScaler from version 1.7.2 when using version 1.7.1. This might lead to breaking code or invalid results. Use at your own risk. For more info please refer to:
https://scikit-learn.org/stable/model_persistence.html#security-maintainability-limitations
  warnings.warn(
D:\binance_ats_clone\obaidur-binance-ats-main\.venv\.venv\Lib\site-packages\sklearn\base.py:442: InconsistentVersionWarning: Trying to unpickle estimator LabelEncoder from version 1.7.2 when using version 1.7.1. This might lead to breaking code or invalid results. Use at your own risk. For more info please refer to:
https://scikit-learn.org/stable/model_persistence.html#security-maintainability-limitations
  warnings.warn(
2025-10-05 18:30:04.582144: I tensorflow/core/util/port.cc:153] oneDNN custom operations are on. You may see slightly different numerical results due to floating-point round-off errors from different computation orders. To turn them off, set the environment variable `TF_ENABLE_ONEDNN_OPTS=0`.
2025-10-05 18:30:13.028946: I tensorflow/core/util/port.cc:153] oneDNN custom operations are on. You may see slightly different numerical results due to floating-point round-off errors from different computation orders. To turn them off, set the environment variable `TF_ENABLE_ONEDNN_OPTS=0`.
2025-10-05 18:30:15.485147: I tensorflow/core/platform/cpu_feature_guard.cc:210] This TensorFlow binary is optimized to use available CPU instructions in performance-critical operations.
To enable the following instructions: SSE3 SSE4.1 SSE4.2 AVX AVX2 FMA, in other operations, rebuild TensorFlow with the appropriate compiler flags.
2025-10-05 18:30:15,854 - WARNING - absl - Compiled the loaded model, but the compiled metrics have yet to be built. `model.compile_metrics` will be empty until you train or evaluate the model.
D:\binance_ats_clone\obaidur-binance-ats-main\.venv\.venv\Lib\site-packages\sklearn\utils\validation.py:2749: UserWarning: X does not have valid feature names, but StandardScaler was fitted with feature names
  warnings.warn(
2025-10-05 18:30:15,878 - INFO - src.strategy - Trying to load model from: d:\binance_ats_clone\obaidur-binance-ats-main\models\model.pkl
2025-10-05 18:30:16,190 - INFO - src.strategy - Model loaded successfully
2025-10-05 18:30:16,273 - INFO - root - [STRATEGY] Signal rejected for low confidence: side=SELL, win_prob=0.599, combined_score=0.07919999999999999, threshold=0.75, tuned_thresh=0.1076
2025-10-05 18:30:16,273 - INFO - __main__ - [SIGNAL] {'side': None, 'sl': None, 'tp': None, 'win_prob': 0.599, 'reason': 'low_conf(win_prob<0.75, combined<0.11)'}
2025-10-05 18:30:16,273 - INFO - __main__ - [SKIP] low_conf(win_prob<0.75, combined<0.11)
2025-10-05 18:30:16,273 - WARNING - root - [TRADE] Trade rejected: {'side': None, 'sl': None, 'tp': None, 'win_prob': 0.599, 'reason': 'low_conf(win_prob<0.75, combined<0.11)'}
2025-10-05 18:30:17,652 - INFO - safe_client - API call get_asset_balance used weight=1 (attempt=1)
2025-10-05 18:34:59,664 - INFO - __main__ - [CANDLES] 1167 (last close=123149.28)
D:\binance_ats_clone\obaidur-binance-ats-main\.venv\.venv\Lib\site-packages\sklearn\base.py:442: InconsistentVersionWarning: Trying to unpickle estimator StandardScaler from version 1.7.2 when using version 1.7.1. This might lead to breaking code or invalid results. Use at your own risk. For more info please refer to:
https://scikit-learn.org/stable/model_persistence.html#security-maintainability-limitations
  warnings.warn(
D:\binance_ats_clone\obaidur-binance-ats-main\.venv\.venv\Lib\site-packages\sklearn\base.py:442: InconsistentVersionWarning: Trying to unpickle estimator LabelEncoder from version 1.7.2 when using version 1.7.1. This might lead to breaking code or invalid results. Use at your own risk. For more info please refer to:
https://scikit-learn.org/stable/model_persistence.html#security-maintainability-limitations
  warnings.warn(
2025-10-05 18:34:59,779 - WARNING - absl - Compiled the loaded model, but the compiled metrics have yet to be built. `model.compile_metrics` will be empty until you train or evaluate the model.
D:\binance_ats_clone\obaidur-binance-ats-main\.venv\.venv\Lib\site-packages\sklearn\utils\validation.py:2749: UserWarning: X does not have valid feature names, but StandardScaler was fitted with feature names
  warnings.warn(
2025-10-05 18:34:59,940 - INFO - root - [STRATEGY] Signal rejected for low confidence: side=SELL, win_prob=0.574, combined_score=0.05919999999999997, threshold=0.75, tuned_thresh=0.1076
2025-10-05 18:34:59,940 - INFO - __main__ - [SIGNAL] {'side': None, 'sl': None, 'tp': None, 'win_prob': 0.574, 'reason': 'low_conf(win_prob<0.75, combined<0.11)'}
2025-10-05 18:34:59,940 - INFO - __main__ - [SKIP] low_conf(win_prob<0.75, combined<0.11)
2025-10-05 18:34:59,940 - WARNING - root - [TRADE] Trade rejected: {'side': None, 'sl': None, 'tp': None, 'win_prob': 0.574, 'reason': 'low_conf(win_prob<0.75, combined<0.11)'}
2025-10-05 18:35:01,999 - INFO - safe_client - API call get_asset_balance used weight=1 (attempt=1)
2025-10-05 18:39:59,756 - INFO - __main__ - [CANDLES] 1168 (last close=122984.97)
D:\binance_ats_clone\obaidur-binance-ats-main\.venv\.venv\Lib\site-packages\sklearn\base.py:442: InconsistentVersionWarning: Trying to unpickle estimator StandardScaler from version 1.7.2 when using version 1.7.1. This might lead to breaking code or invalid results. Use at your own risk. For more info please refer to:
https://scikit-learn.org/stable/model_persistence.html#security-maintainability-limitations
  warnings.warn(
D:\binance_ats_clone\obaidur-binance-ats-main\.venv\.venv\Lib\site-packages\sklearn\base.py:442: InconsistentVersionWarning: Trying to unpickle estimator LabelEncoder from version 1.7.2 when using version 1.7.1. This might lead to breaking code or invalid results. Use at your own risk. For more info please refer to:
https://scikit-learn.org/stable/model_persistence.html#security-maintainability-limitations
  warnings.warn(
2025-10-05 18:40:00,004 - WARNING - absl - Compiled the loaded model, but the compiled metrics have yet to be built. `model.compile_metrics` will be empty until you train or evaluate the model.
D:\binance_ats_clone\obaidur-binance-ats-main\.venv\.venv\Lib\site-packages\sklearn\utils\validation.py:2749: UserWarning: X does not have valid feature names, but StandardScaler was fitted with feature names
  warnings.warn(
2025-10-05 18:40:00,102 - INFO - root - [STRATEGY] Signal rejected for low confidence: side=SELL, win_prob=0.552, combined_score=0.04160000000000004, threshold=0.75, tuned_thresh=0.1076
2025-10-05 18:40:00,102 - INFO - __main__ - [SIGNAL] {'side': None, 'sl': None, 'tp': None, 'win_prob': 0.552, 'reason': 'low_conf(win_prob<0.75, combined<0.11)'}
2025-10-05 18:40:00,102 - INFO - __main__ - [SKIP] low_conf(win_prob<0.75, combined<0.11)
2025-10-05 18:40:00,102 - WARNING - root - [TRADE] Trade rejected: {'side': None, 'sl': None, 'tp': None, 'win_prob': 0.552, 'reason': 'low_conf(win_prob<0.75, combined<0.11)'}
2025-10-05 18:40:01,969 - INFO - safe_client - API call get_asset_balance used weight=1 (attempt=1)
2025-10-05 18:44:59,724 - INFO - __main__ - [CANDLES] 1169 (last close=123055.06)
D:\binance_ats_clone\obaidur-binance-ats-main\.venv\.venv\Lib\site-packages\sklearn\base.py:442: InconsistentVersionWarning: Trying to unpickle estimator StandardScaler from version 1.7.2 when using version 1.7.1. This might lead to breaking code or invalid results. Use at your own risk. For more info please refer to:
https://scikit-learn.org/stable/model_persistence.html#security-maintainability-limitations
  warnings.warn(
D:\binance_ats_clone\obaidur-binance-ats-main\.venv\.venv\Lib\site-packages\sklearn\base.py:442: InconsistentVersionWarning: Trying to unpickle estimator LabelEncoder from version 1.7.2 when using version 1.7.1. This might lead to breaking code or invalid results. Use at your own risk. For more info please refer to:
https://scikit-learn.org/stable/model_persistence.html#security-maintainability-limitations
  warnings.warn(
2025-10-05 18:44:59,809 - WARNING - absl - Compiled the loaded model, but the compiled metrics have yet to be built. `model.compile_metrics` will be empty until you train or evaluate the model.
D:\binance_ats_clone\obaidur-binance-ats-main\.venv\.venv\Lib\site-packages\sklearn\utils\validation.py:2749: UserWarning: X does not have valid feature names, but StandardScaler was fitted with feature names
  warnings.warn(
2025-10-05 18:44:59,880 - INFO - root - [STRATEGY] Signal rejected for low confidence: side=SELL, win_prob=0.527, combined_score=0.021600000000000022, threshold=0.75, tuned_thresh=0.1076
2025-10-05 18:44:59,880 - INFO - __main__ - [SIGNAL] {'side': None, 'sl': None, 'tp': None, 'win_prob': 0.527, 'reason': 'low_conf(win_prob<0.75, combined<0.11)'}
2025-10-05 18:44:59,880 - INFO - __main__ - [SKIP] low_conf(win_prob<0.75, combined<0.11)
2025-10-05 18:44:59,880 - WARNING - root - [TRADE] Trade rejected: {'side': None, 'sl': None, 'tp': None, 'win_prob': 0.527, 'reason': 'low_conf(win_prob<0.75, combined<0.11)'}
2025-10-05 18:45:01,800 - INFO - safe_client - API call get_asset_balance used weight=1 (attempt=1)
2025-10-05 18:49:59,746 - INFO - __main__ - [CANDLES] 1170 (last close=123160.3)
D:\binance_ats_clone\obaidur-binance-ats-main\.venv\.venv\Lib\site-packages\sklearn\base.py:442: InconsistentVersionWarning: Trying to unpickle estimator StandardScaler from version 1.7.2 when using version 1.7.1. This might lead to breaking code or invalid results. Use at your own risk. For more info please refer to:
https://scikit-learn.org/stable/model_persistence.html#security-maintainability-limitations
  warnings.warn(
D:\binance_ats_clone\obaidur-binance-ats-main\.venv\.venv\Lib\site-packages\sklearn\base.py:442: InconsistentVersionWarning: Trying to unpickle estimator LabelEncoder from version 1.7.2 when using version 1.7.1. This might lead to breaking code or invalid results. Use at your own risk. For more info please refer to:
https://scikit-learn.org/stable/model_persistence.html#security-maintainability-limitations
  warnings.warn(
2025-10-05 18:49:59,821 - WARNING - absl - Compiled the loaded model, but the compiled metrics have yet to be built. `model.compile_metrics` will be empty until you train or evaluate the model.
D:\binance_ats_clone\obaidur-binance-ats-main\.venv\.venv\Lib\site-packages\sklearn\utils\validation.py:2749: UserWarning: X does not have valid feature names, but StandardScaler was fitted with feature names
  warnings.warn(
2025-10-05 18:49:59,899 - INFO - root - [STRATEGY] Signal rejected for low confidence: side=SELL, win_prob=0.551, combined_score=0.04080000000000004, threshold=0.75, tuned_thresh=0.1076
2025-10-05 18:49:59,899 - INFO - __main__ - [SIGNAL] {'side': None, 'sl': None, 'tp': None, 'win_prob': 0.551, 'reason': 'low_conf(win_prob<0.75, combined<0.11)'}
2025-10-05 18:49:59,899 - INFO - __main__ - [SKIP] low_conf(win_prob<0.75, combined<0.11)
2025-10-05 18:49:59,899 - WARNING - root - [TRADE] Trade rejected: {'side': None, 'sl': None, 'tp': None, 'win_prob': 0.551, 'reason': 'low_conf(win_prob<0.75, combined<0.11)'}
2025-10-05 18:50:01,623 - INFO - safe_client - API call get_asset_balance used weight=1 (attempt=1)
2025-10-05 18:54:59,778 - INFO - __main__ - [CANDLES] 1171 (last close=123173.38)
D:\binance_ats_clone\obaidur-binance-ats-main\.venv\.venv\Lib\site-packages\sklearn\base.py:442: InconsistentVersionWarning: Trying to unpickle estimator StandardScaler from version 1.7.2 when using version 1.7.1. This might lead to breaking code or invalid results. Use at your own risk. For more info please refer to:
https://scikit-learn.org/stable/model_persistence.html#security-maintainability-limitations
  warnings.warn(
D:\binance_ats_clone\obaidur-binance-ats-main\.venv\.venv\Lib\site-packages\sklearn\base.py:442: InconsistentVersionWarning: Trying to unpickle estimator LabelEncoder from version 1.7.2 when using version 1.7.1. This might lead to breaking code or invalid results. Use at your own risk. For more info please refer to:
https://scikit-learn.org/stable/model_persistence.html#security-maintainability-limitations
  warnings.warn(
2025-10-05 18:54:59,867 - WARNING - absl - Compiled the loaded model, but the compiled metrics have yet to be built. `model.compile_metrics` will be empty until you train or evaluate the model.
D:\binance_ats_clone\obaidur-binance-ats-main\.venv\.venv\Lib\site-packages\sklearn\utils\validation.py:2749: UserWarning: X does not have valid feature names, but StandardScaler was fitted with feature names
  warnings.warn(
2025-10-05 18:54:59,964 - INFO - root - [STRATEGY] Signal rejected for low confidence: side=SELL, win_prob=0.586, combined_score=0.06879999999999997, threshold=0.75, tuned_thresh=0.1076
2025-10-05 18:54:59,964 - INFO - __main__ - [SIGNAL] {'side': None, 'sl': None, 'tp': None, 'win_prob': 0.586, 'reason': 'low_conf(win_prob<0.75, combined<0.11)'}
2025-10-05 18:54:59,964 - INFO - __main__ - [SKIP] low_conf(win_prob<0.75, combined<0.11)
2025-10-05 18:54:59,964 - WARNING - root - [TRADE] Trade rejected: {'side': None, 'sl': None, 'tp': None, 'win_prob': 0.586, 'reason': 'low_conf(win_prob<0.75, combined<0.11)'}
2025-10-05 18:55:01,503 - INFO - safe_client - API call get_asset_balance used weight=1 (attempt=1)
2025-10-05 18:59:59,801 - INFO - __main__ - [CANDLES] 1172 (last close=123085.88)
D:\binance_ats_clone\obaidur-binance-ats-main\.venv\.venv\Lib\site-packages\sklearn\base.py:442: InconsistentVersionWarning: Trying to unpickle estimator StandardScaler from version 1.7.2 when using version 1.7.1. This might lead to breaking code or invalid results. Use at your own risk. For more info please refer to:
https://scikit-learn.org/stable/model_persistence.html#security-maintainability-limitations
  warnings.warn(
D:\binance_ats_clone\obaidur-binance-ats-main\.venv\.venv\Lib\site-packages\sklearn\base.py:442: InconsistentVersionWarning: Trying to unpickle estimator LabelEncoder from version 1.7.2 when using version 1.7.1. This might lead to breaking code or invalid results. Use at your own risk. For more info please refer to:
https://scikit-learn.org/stable/model_persistence.html#security-maintainability-limitations
  warnings.warn(
2025-10-05 18:59:59,876 - WARNING - absl - Compiled the loaded model, but the compiled metrics have yet to be built. `model.compile_metrics` will be empty until you train or evaluate the model.
D:\binance_ats_clone\obaidur-binance-ats-main\.venv\.venv\Lib\site-packages\sklearn\utils\validation.py:2749: UserWarning: X does not have valid feature names, but StandardScaler was fitted with feature names
  warnings.warn(
2025-10-05 18:59:59,958 - INFO - root - [STRATEGY] Signal rejected for low confidence: side=SELL, win_prob=0.573, combined_score=0.058399999999999966, threshold=0.75, tuned_thresh=0.1076
2025-10-05 18:59:59,959 - INFO - __main__ - [SIGNAL] {'side': None, 'sl': None, 'tp': None, 'win_prob': 0.573, 'reason': 'low_conf(win_prob<0.75, combined<0.11)'}
2025-10-05 18:59:59,959 - INFO - __main__ - [SKIP] low_conf(win_prob<0.75, combined<0.11)
2025-10-05 18:59:59,959 - WARNING - root - [TRADE] Trade rejected: {'side': None, 'sl': None, 'tp': None, 'win_prob': 0.573, 'reason': 'low_conf(win_prob<0.75, combined<0.11)'}
2025-10-05 19:00:03,106 - INFO - safe_client - API call get_asset_balance used weight=1 (attempt=1)
2025-10-05 19:04:59,799 - INFO - __main__ - [CANDLES] 1173 (last close=123205.31)
D:\binance_ats_clone\obaidur-binance-ats-main\.venv\.venv\Lib\site-packages\sklearn\base.py:442: InconsistentVersionWarning: Trying to unpickle estimator StandardScaler from version 1.7.2 when using version 1.7.1. This might lead to breaking code or invalid results. Use at your own risk. For more info please refer to:
https://scikit-learn.org/stable/model_persistence.html#security-maintainability-limitations
  warnings.warn(
D:\binance_ats_clone\obaidur-binance-ats-main\.venv\.venv\Lib\site-packages\sklearn\base.py:442: InconsistentVersionWarning: Trying to unpickle estimator LabelEncoder from version 1.7.2 when using version 1.7.1. This might lead to breaking code or invalid results. Use at your own risk. For more info please refer to:
https://scikit-learn.org/stable/model_persistence.html#security-maintainability-limitations
  warnings.warn(
2025-10-05 19:04:59,872 - WARNING - absl - Compiled the loaded model, but the compiled metrics have yet to be built. `model.compile_metrics` will be empty until you train or evaluate the model.
D:\binance_ats_clone\obaidur-binance-ats-main\.venv\.venv\Lib\site-packages\sklearn\utils\validation.py:2749: UserWarning: X does not have valid feature names, but StandardScaler was fitted with feature names
  warnings.warn(
2025-10-05 19:04:59,945 - INFO - root - [STRATEGY] Signal rejected for low confidence: side=SELL, win_prob=0.587, combined_score=0.06959999999999998, threshold=0.75, tuned_thresh=0.1076
2025-10-05 19:04:59,945 - INFO - __main__ - [SIGNAL] {'side': None, 'sl': None, 'tp': None, 'win_prob': 0.587, 'reason': 'low_conf(win_prob<0.75, combined<0.11)'}
2025-10-05 19:04:59,945 - INFO - __main__ - [SKIP] low_conf(win_prob<0.75, combined<0.11)
2025-10-05 19:04:59,945 - WARNING - root - [TRADE] Trade rejected: {'side': None, 'sl': None, 'tp': None, 'win_prob': 0.587, 'reason': 'low_conf(win_prob<0.75, combined<0.11)'}
2025-10-05 19:05:01,459 - INFO - safe_client - API call get_asset_balance used weight=1 (attempt=1)
